<?xml version="1.0" encoding="UTF-8"?>
<!-- Generated by org.testng.reporters.JUnitReportReporter -->
<testsuite hostname="Ravi" failures="0" tests="3" name="pac1.ContactTestWithTestNGTest" time="40.571" errors="0" timestamp="2024-10-29T14:42:25 IST" skipped="0">
  <testcase classname="pac1.ContactTestWithTestNGTest" name="createContactWithSupportDateTest" time="9.974"/>
  <testcase classname="pac1.ContactTestWithTestNGTest" name="createContactWithOrgNameTest" time="17.188"/>
  <testcase classname="pac1.ContactTestWithTestNGTest" name="createContactTest" time="13.409"/>
</testsuite> <!-- pac1.ContactTestWithTestNGTest -->
