<?xml version="1.0" encoding="UTF-8"?>
<!-- Generated by org.testng.reporters.JUnitReportReporter -->
<testsuite hostname="Ravi" failures="0" tests="3" name="pac2.OrgTestWithTestNGTest" time="24.745" errors="0" timestamp="2024-10-29T14:43:15 IST" skipped="0">
  <testcase classname="pac2.OrgTestWithTestNGTest" name="CreateOrgTest" time="9.719"/>
  <testcase classname="pac2.OrgTestWithTestNGTest" name="CreateOrgWithPhoneNo" time="7.412"/>
  <testcase classname="pac2.OrgTestWithTestNGTest" name="CreateOrgWithIndustryType" time="7.614"/>
</testsuite> <!-- pac2.OrgTestWithTestNGTest -->
