<?xml version="1.0" encoding="UTF-8"?>
<!-- Generated by org.testng.reporters.JUnitXMLReporter -->
<testsuite ignored="0" hostname="Ravi" failures="0" tests="3" name="Test-2" time="32.571" errors="0" timestamp="2024-10-07T16:11:56 IST">
  <testcase classname="com.comcast.crm.orgtest.OrgTestWithTestNG" name="CreateOrgTest" time="7.564"/>
  <testcase classname="com.comcast.crm.orgtest.OrgTestWithTestNG" name="CreateOrgWithIndustryType" time="5.405"/>
  <testcase classname="com.comcast.crm.orgtest.OrgTestWithTestNG" name="CreateOrgWithPhoneNo" time="5.199"/>
</testsuite> <!-- Test-2 -->
