<?xml version="1.0" encoding="UTF-8"?>
<!-- Generated by org.testng.reporters.JUnitReportReporter -->
<testsuite hostname="Ravi" failures="0" tests="1" name="TestScripts.GiftshopTest" time="37.561" errors="0" timestamp="2024-05-11T13:46:40 IST" skipped="0">
  <testcase classname="TestScripts.GiftshopTest" name="homePage" time="37.561"/>
</testsuite> <!-- TestScripts.GiftshopTest -->
