<?xml version="1.0" encoding="UTF-8"?>
<!-- Generated by org.testng.reporters.JUnitReportReporter -->
<testsuite hostname="Ravi" failures="0" tests="3" name="practice.testng.ContactTest" time="0.023" errors="0" timestamp="2024-09-30T15:26:12 IST" skipped="0">
  <testcase classname="practice.testng.ContactTest" name="createContactTest" time="0.016"/>
  <testcase classname="practice.testng.ContactTest" name="modifyContactTest" time="0.004"/>
  <testcase classname="practice.testng.ContactTest" name="deleteContactTest" time="0.003"/>
</testsuite> <!-- practice.testng.ContactTest -->
