<?xml version="1.0" encoding="UTF-8"?>
<!-- Generated by org.testng.reporters.JUnitReportReporter -->
<testsuite hostname="Ravi" failures="0" tests="1" name="practice.testng.SampleTestForScreenshot" time="5.301" errors="0" timestamp="2024-10-08T15:48:21 IST" skipped="0">
  <testcase classname="practice.testng.SampleTestForScreenshot" name="screenshotTest" time="5.301"/>
</testsuite> <!-- practice.testng.SampleTestForScreenshot -->
