<?xml version="1.0" encoding="UTF-8"?>
<!-- Generated by org.testng.reporters.JUnitReportReporter -->
<testsuite hostname="Ravi" failures="0" tests="2" name="com.crm.comcast.contacttest.CreateContactTest" time="6.712" errors="0" timestamp="2024-10-07T15:01:10 IST" skipped="0">
  <testcase classname="com.crm.comcast.contacttest.CreateContactTest" name="createContactWithDate" time="3.895"/>
  <testcase classname="com.crm.comcast.contacttest.CreateContactTest" name="createContact" time="2.817"/>
</testsuite> <!-- com.crm.comcast.contacttest.CreateContactTest -->
