<?xml version="1.0" encoding="UTF-8"?>
<!-- Generated by org.testng.reporters.JUnitReportReporter -->
<testsuite hostname="Ravi" failures="0" tests="1" name="practice.assertion.HomePageVerificationTest" time="4.921" errors="0" timestamp="2024-10-08T10:27:03 IST" skipped="0">
  <testcase classname="practice.assertion.HomePageVerificationTest" name="homePageTest" time="4.921"/>
</testsuite> <!-- practice.assertion.HomePageVerificationTest -->
