<?xml version="1.0" encoding="UTF-8"?>
<!-- Generated by org.testng.reporters.JUnitReportReporter -->
<testsuite hostname="Ravi" failures="0" tests="3" name="com.comcast.crm.contacttest.ContactTestWithTestNG" time="39.249" errors="0" timestamp="2024-10-29T13:16:41 IST" skipped="0">
  <testcase classname="com.comcast.crm.contacttest.ContactTestWithTestNG" name="createContactWithOrgNameTest" time="18.469"/>
  <testcase classname="com.comcast.crm.contacttest.ContactTestWithTestNG" name="createContactTest" time="10.934"/>
  <testcase classname="com.comcast.crm.contacttest.ContactTestWithTestNG" name="createContactWithSupportDateTest" time="9.846"/>
</testsuite> <!-- com.comcast.crm.contacttest.ContactTestWithTestNG -->
