<?xml version="1.0" encoding="UTF-8"?>
<!-- Generated by org.testng.reporters.JUnitReportReporter -->
<testsuite hostname="Ravi" failures="0" tests="3" name="practice.testng.SampleReportTest" time="7.532" errors="0" timestamp="2024-10-18T17:36:01 IST" skipped="0">
  <testcase classname="practice.testng.SampleReportTest" name="createcontactWithOrg" time="0.002"/>
  <testcase classname="practice.testng.SampleReportTest" name="createcontactTest" time="7.529"/>
  <testcase classname="practice.testng.SampleReportTest" name="createcontactWithPhoneNo" time="0.001"/>
</testsuite> <!-- practice.testng.SampleReportTest -->
