<?xml version="1.0" encoding="UTF-8"?>
<!-- Generated by org.testng.reporters.JUnitReportReporter -->
<testsuite hostname="Ravi" failures="0" tests="2" name="practice.assertion.SampleTest" time="0.015" errors="0" timestamp="2024-10-08T13:19:48 IST" skipped="0">
  <testcase classname="practice.assertion.SampleTest" name="logoPageTest" time="0.002">
    <system-out>
      <![CDATA[logoPageTest Test Begins
Step-1
Step-2
Step-3
Step-4
logoPageTest Test Ends]]>
    </system-out>
  </testcase> <!-- logoPageTest -->
  <testcase classname="practice.assertion.SampleTest" name="homePageTest" time="0.013">
    <system-out>
      <![CDATA[homePageTest Test Begins
Step-1
Step-2
Step-3
Step-4
homePageTest Test Ends]]>
    </system-out>
  </testcase> <!-- homePageTest -->
  <system-out>
    <![CDATA[homePageTest Test Begins
Step-1
Step-2
Step-3
Step-4
homePageTest Test Ends
logoPageTest Test Begins
Step-1
Step-2
Step-3
Step-4
logoPageTest Test Ends]]>
  </system-out>
</testsuite> <!-- practice.assertion.SampleTest -->
