<?xml version="1.0" encoding="UTF-8"?>
<!-- Generated by org.testng.reporters.JUnitReportReporter -->
<testsuite hostname="Ravi" failures="0" tests="2" name="practice.configannotations.CreateContactTest" time="0.014" errors="0" timestamp="2024-10-06T19:14:41 IST" skipped="0">
  <testcase classname="practice.configannotations.CreateContactTest" name="createContactWithDate" time="0.002"/>
  <testcase classname="practice.configannotations.CreateContactTest" name="createContact" time="0.012"/>
</testsuite> <!-- practice.configannotations.CreateContactTest -->
