<?xml version="1.0" encoding="UTF-8"?>
<!-- Generated by org.testng.reporters.JUnitReportReporter -->
<testsuite hostname="Ravi" failures="0" tests="2" name="com.crm.comcast.orgtest.CreateOrgTest" time="6.984" errors="0" timestamp="2024-10-07T15:01:10 IST" skipped="0">
  <testcase classname="com.crm.comcast.orgtest.CreateOrgTest" name="createOrg" time="2.857"/>
  <testcase classname="com.crm.comcast.orgtest.CreateOrgTest" name="createOrgWithIndustries" time="4.127"/>
</testsuite> <!-- com.crm.comcast.orgtest.CreateOrgTest -->
