<?xml version="1.0" encoding="UTF-8"?>
<!-- Generated by org.testng.reporters.JUnitReportReporter -->
<testsuite hostname="Ravi" failures="0" tests="3" name="practice.testng.GetProductInfoTest" time="19.561" errors="0" timestamp="2024-10-01T15:47:33 IST" skipped="0">
  <testcase classname="practice.testng.GetProductInfoTest" name="getProductInfoTest" time="7.593"/>
  <testcase classname="practice.testng.GetProductInfoTest" name="getProductInfoTest" time="5.853"/>
  <testcase classname="practice.testng.GetProductInfoTest" name="getProductInfoTest" time="6.115"/>
</testsuite> <!-- practice.testng.GetProductInfoTest -->
