<?xml version="1.0" encoding="UTF-8"?>
<!-- Generated by org.testng.reporters.JUnitReportReporter -->
<testsuite hostname="Ravi" failures="0" tests="3" name="com.comcast.crm.orgtest.OrgTestWithTestNG" time="22.748" errors="0" timestamp="2024-10-29T13:24:43 IST" skipped="0">
  <testcase classname="com.comcast.crm.orgtest.OrgTestWithTestNG" name="CreateOrgWithPhoneNo" time="8.478"/>
  <testcase classname="com.comcast.crm.orgtest.OrgTestWithTestNG" name="CreateOrgWithIndustryType" time="7.021"/>
  <testcase classname="com.comcast.crm.orgtest.OrgTestWithTestNG" name="CreateOrgTest" time="7.249"/>
</testsuite> <!-- com.comcast.crm.orgtest.OrgTestWithTestNG -->
