<?xml version="1.0" encoding="UTF-8"?>
<!-- Generated by org.testng.reporters.JUnitReportReporter -->
<testsuite hostname="Ravi" failures="0" tests="4" name="practice.testng.CreateContactWithDataProviderTest2" time="0.019" errors="0" timestamp="2024-10-01T11:23:04 IST" skipped="0">
  <testcase classname="practice.testng.CreateContactWithDataProviderTest2" name="createContact" time="0.002"/>
  <testcase classname="practice.testng.CreateContactWithDataProviderTest2" name="createContact" time="0.011"/>
  <testcase classname="practice.testng.CreateContactWithDataProviderTest2" name="createContact" time="0.002"/>
  <testcase classname="practice.testng.CreateContactWithDataProviderTest2" name="createContact" time="0.004"/>
</testsuite> <!-- practice.testng.CreateContactWithDataProviderTest2 -->
