<?xml version="1.0" encoding="UTF-8"?>
<!-- Generated by org.testng.reporters.JUnitReportReporter -->
<testsuite hostname="Ravi" failures="0" tests="2" name="practice.assertion.HomePageVerification" time="11.166" errors="0" timestamp="2024-10-08T12:13:51 IST" skipped="0">
  <testcase classname="practice.assertion.HomePageVerification" name="homePageLogoTest" time="6.626"/>
  <testcase classname="practice.assertion.HomePageVerification" name="homePageTitle" time="4.540"/>
</testsuite> <!-- practice.assertion.HomePageVerification -->
