<?xml version="1.0" encoding="UTF-8"?>
<!-- Generated by org.testng.reporters.JUnitReportReporter -->
<testsuite hostname="Ravi" failures="0" tests="2" name="practice.testng.SampleTest" time="0.018" errors="0" timestamp="2024-09-30T13:03:25 IST" skipped="0">
  <testcase classname="practice.testng.SampleTest" name="Test2" time="0.002"/>
  <testcase classname="practice.testng.SampleTest" name="Test1" time="0.016"/>
</testsuite> <!-- practice.testng.SampleTest -->
