<?xml version="1.0" encoding="UTF-8"?>
<!-- Generated by org.testng.reporters.JUnitReportReporter -->
<testsuite hostname="Ravi" failures="0" tests="4" name="practice.testng.CreateContactWithDataProviderTest" time="0.016" errors="0" timestamp="2024-10-01T11:12:45 IST" skipped="0">
  <testcase classname="practice.testng.CreateContactWithDataProviderTest" name="createContact" time="0.001"/>
  <testcase classname="practice.testng.CreateContactWithDataProviderTest" name="createContact" time="0.010"/>
  <testcase classname="practice.testng.CreateContactWithDataProviderTest" name="createContact" time="0.003"/>
  <testcase classname="practice.testng.CreateContactWithDataProviderTest" name="createContact" time="0.002"/>
</testsuite> <!-- practice.testng.CreateContactWithDataProviderTest -->
