<?xml version="1.0" encoding="UTF-8"?>
<!-- Generated by org.testng.reporters.JUnitReportReporter -->
<testsuite hostname="Ravi" failures="0" tests="3" name="practice.testng.ContactTest" time="0.003" errors="0" timestamp="2024-10-28T15:48:59 IST" skipped="0">
  <testcase classname="practice.testng.ContactTest" name="createContactTest" time="0.002"/>
  <testcase classname="practice.testng.ContactTest" name="modifyContactTest" time="0.001"/>
  <testcase classname="practice.testng.ContactTest" name="deleteContactTest" time="0.000"/>
  <system-out>
    <![CDATA[homePageTest Test Begins
Step-1
Step-2
Step-3
Step-4
homePageTest Test Ends
logoPageTest Test Begins
Step-1
Step-2
Step-3
Step-4
logoPageTest Test Ends]]>
  </system-out>
</testsuite> <!-- practice.testng.ContactTest -->
