<?xml version="1.0" encoding="UTF-8"?>
<!-- Generated by org.testng.reporters.JUnitReportReporter -->
<testsuite hostname="Ravi" failures="0" tests="3" name="practice.testng.SampleReportTest" time="6.773" errors="0" timestamp="2024-10-28T15:48:59 IST" skipped="0">
  <testcase classname="practice.testng.SampleReportTest" name="createcontactWithPhoneNo" time="0.001"/>
  <testcase classname="practice.testng.SampleReportTest" name="createcontactWithOrg" time="0.001"/>
  <testcase classname="practice.testng.SampleReportTest" name="createcontactTest" time="6.771"/>
  <system-out>
    <![CDATA[homePageTest Test Begins
Step-1
Step-2
Step-3
Step-4
homePageTest Test Ends
logoPageTest Test Begins
Step-1
Step-2
Step-3
Step-4
logoPageTest Test Ends]]>
  </system-out>
</testsuite> <!-- practice.testng.SampleReportTest -->
