<?xml version="1.0" encoding="UTF-8"?>
<!-- Generated by org.testng.reporters.JUnitReportReporter -->
<testsuite hostname="Ravi" failures="0" tests="1" name="practise.pom.repository.SampleTestWithPom" time="7.828" errors="0" timestamp="2024-09-25T16:07:08 IST" skipped="0">
  <testcase classname="practise.pom.repository.SampleTestWithPom" name="sampleTest" time="7.828"/>
</testsuite> <!-- practise.pom.repository.SampleTestWithPom -->
